<?xml version="1.0" encoding="UTF-8"?>
<!-- Generated by org.testng.reporters.JUnitReportReporter -->
<testsuite skipped="0" hostname="LAPTOP-34HA019L" name="testCases.CreateAProduct" tests="1" failures="0" timestamp="10 Feb 2022 23:34:30 GMT" time="4.840" errors="0">
  <testcase name="createAProducts" time="4.840" classname="testCases.CreateAProduct"/>
</testsuite> <!-- testCases.CreateAProduct -->
