<?xml version="1.0" encoding="UTF-8"?>
<!-- Generated by org.testng.reporters.JUnitReportReporter -->
<testsuite skipped="0" hostname="LAPTOP-34HA019L" name="testCases.ReadAProduct" tests="1" failures="0" timestamp="11 Feb 2022 03:03:49 GMT" time="4.373" errors="0">
  <testcase name="readAProducts" time="4.373" classname="testCases.ReadAProduct"/>
</testsuite> <!-- testCases.ReadAProduct -->
