<?xml version="1.0" encoding="UTF-8"?>
<!-- Generated by org.testng.reporters.JUnitReportReporter -->
<testsuite skipped="0" hostname="LAPTOP-34HA019L" name="testCases.UpdateAProduct" tests="1" failures="0" timestamp="11 Feb 2022 00:34:55 GMT" time="5.595" errors="0">
  <testcase name="updateAProducts" time="5.595" classname="testCases.UpdateAProduct"/>
</testsuite> <!-- testCases.UpdateAProduct -->
